<?xml version="1.0" encoding="UTF-8"?>
<testsuite name="com.example.demo.web.WebTests" tests="2" skipped="0" failures="0" errors="0" timestamp="2026-06-03T09:43:26" hostname="gabin2308-GL63-8RD" time="0.297">
  <properties/>
  <testcase name="testGetStatistique()" classname="com.example.demo.web.WebTests" time="0.244"/>
  <testcase name="testAjouterVoiture()" classname="com.example.demo.web.WebTests" time="0.052"/>
  <system-out><![CDATA[11:43:22.188 [Test worker] DEBUG org.springframework.test.context.BootstrapUtils - Instantiating CacheAwareContextLoaderDelegate from class [org.springframework.test.context.cache.DefaultCacheAwareContextLoaderDelegate]
11:43:22.215 [Test worker] DEBUG org.springframework.test.context.BootstrapUtils - Instantiating BootstrapContext using constructor [public org.springframework.test.context.support.DefaultBootstrapContext(java.lang.Class,org.springframework.test.context.CacheAwareContextLoaderDelegate)]
11:43:22.312 [Test worker] DEBUG org.springframework.test.context.BootstrapUtils - Instantiating TestContextBootstrapper for test class [com.example.demo.web.WebTests] from class [org.springframework.boot.test.context.SpringBootTestContextBootstrapper]
11:43:22.335 [Test worker] INFO org.springframework.boot.test.context.SpringBootTestContextBootstrapper - Neither @ContextConfiguration nor @ContextHierarchy found for test class [com.example.demo.web.WebTests], using SpringBootContextLoader
11:43:22.347 [Test worker] DEBUG org.springframework.test.context.support.AbstractContextLoader - Did not detect default resource location for test class [com.example.demo.web.WebTests]: class path resource [com/example/demo/web/WebTests-context.xml] does not exist
11:43:22.348 [Test worker] DEBUG org.springframework.test.context.support.AbstractContextLoader - Did not detect default resource location for test class [com.example.demo.web.WebTests]: class path resource [com/example/demo/web/WebTestsContext.groovy] does not exist
11:43:22.348 [Test worker] INFO org.springframework.test.context.support.AbstractContextLoader - Could not detect default resource locations for test class [com.example.demo.web.WebTests]: no resource found for suffixes {-context.xml, Context.groovy}.
11:43:22.350 [Test worker] INFO org.springframework.test.context.support.AnnotationConfigContextLoaderUtils - Could not detect default configuration classes for test class [com.example.demo.web.WebTests]: WebTests does not declare any static, non-private, non-final, nested classes annotated with @Configuration.
11:43:22.437 [Test worker] DEBUG org.springframework.test.context.support.ActiveProfilesUtils - Could not find an 'annotation declaring class' for annotation type [org.springframework.test.context.ActiveProfiles] and class [com.example.demo.web.WebTests]
11:43:22.531 [Test worker] DEBUG org.springframework.context.annotation.ClassPathScanningCandidateComponentProvider - Identified candidate component class: file [/home/gabin2308/Bureau/Qualité de developpement/tp2_qualit-_dev_ateba_gabin/build/classes/java/main/com/example/demo/DemoApplication.class]
11:43:22.532 [Test worker] INFO org.springframework.boot.test.context.SpringBootTestContextBootstrapper - Found @SpringBootConfiguration com.example.demo.DemoApplication for test class com.example.demo.web.WebTests
11:43:22.654 [Test worker] DEBUG org.springframework.boot.test.context.SpringBootTestContextBootstrapper - @TestExecutionListeners is not present for class [com.example.demo.web.WebTests]: using defaults.
11:43:22.654 [Test worker] INFO org.springframework.boot.test.context.SpringBootTestContextBootstrapper - Loaded default TestExecutionListener class names from location [META-INF/spring.factories]: [org.springframework.boot.test.autoconfigure.restdocs.RestDocsTestExecutionListener, org.springframework.boot.test.autoconfigure.web.client.MockRestServiceServerResetTestExecutionListener, org.springframework.boot.test.autoconfigure.web.servlet.MockMvcPrintOnlyOnFailureTestExecutionListener, org.springframework.boot.test.autoconfigure.web.servlet.WebDriverTestExecutionListener, org.springframework.boot.test.autoconfigure.webservices.client.MockWebServiceServerTestExecutionListener, org.springframework.boot.test.mock.mockito.MockitoTestExecutionListener, org.springframework.boot.test.mock.mockito.ResetMocksTestExecutionListener, org.springframework.test.context.web.ServletTestExecutionListener, org.springframework.test.context.support.DirtiesContextBeforeModesTestExecutionListener, org.springframework.test.context.event.ApplicationEventsTestExecutionListener, org.springframework.test.context.support.DependencyInjectionTestExecutionListener, org.springframework.test.context.support.DirtiesContextTestExecutionListener, org.springframework.test.context.transaction.TransactionalTestExecutionListener, org.springframework.test.context.jdbc.SqlScriptsTestExecutionListener, org.springframework.test.context.event.EventPublishingTestExecutionListener]
11:43:22.677 [Test worker] INFO org.springframework.boot.test.context.SpringBootTestContextBootstrapper - Using TestExecutionListeners: [org.springframework.test.context.web.ServletTestExecutionListener@f5cf29b, org.springframework.test.context.support.DirtiesContextBeforeModesTestExecutionListener@3c66b7d8, org.springframework.test.context.event.ApplicationEventsTestExecutionListener@37e69c43, org.springframework.boot.test.mock.mockito.MockitoTestExecutionListener@5c7dfc05, org.springframework.boot.test.autoconfigure.SpringBootDependencyInjectionTestExecutionListener@345d053b, org.springframework.test.context.support.DirtiesContextTestExecutionListener@3d0cac1f, org.springframework.test.context.transaction.TransactionalTestExecutionListener@3e8b3b79, org.springframework.test.context.jdbc.SqlScriptsTestExecutionListener@d257579, org.springframework.test.context.event.EventPublishingTestExecutionListener@518ddd3b, org.springframework.boot.test.autoconfigure.restdocs.RestDocsTestExecutionListener@939ff41, org.springframework.boot.test.autoconfigure.web.client.MockRestServiceServerResetTestExecutionListener@6e0e5dec, org.springframework.boot.test.autoconfigure.web.servlet.MockMvcPrintOnlyOnFailureTestExecutionListener@48a663e9, org.springframework.boot.test.autoconfigure.web.servlet.WebDriverTestExecutionListener@777d0bc3, org.springframework.boot.test.autoconfigure.webservices.client.MockWebServiceServerTestExecutionListener@3178219a, org.springframework.boot.test.mock.mockito.ResetMocksTestExecutionListener@2d85fb64]
11:43:22.681 [Test worker] DEBUG org.springframework.test.context.support.AbstractDirtiesContextTestExecutionListener - Before test class: context [DefaultTestContext@a83495d testClass = WebTests, testInstance = [null], testMethod = [null], testException = [null], mergedContextConfiguration = [WebMergedContextConfiguration@7e83992 testClass = WebTests, locations = '{}', classes = '{class com.example.demo.DemoApplication}', contextInitializerClasses = '[]', activeProfiles = '{}', propertySourceLocations = '{}', propertySourceProperties = '{org.springframework.boot.test.context.SpringBootTestContextBootstrapper=true}', contextCustomizers = set[org.springframework.boot.test.autoconfigure.actuate.metrics.MetricsExportContextCustomizerFactory$DisableMetricExportContextCustomizer@c808207, org.springframework.boot.test.autoconfigure.properties.PropertyMappingContextCustomizer@4b3fa0b3, org.springframework.boot.test.autoconfigure.web.servlet.WebDriverContextCustomizerFactory$Customizer@7e94d093, [ImportsContextCustomizer@4364863 key = [org.springframework.boot.test.autoconfigure.web.servlet.MockMvcAutoConfiguration, org.springframework.boot.test.autoconfigure.web.servlet.MockMvcWebClientAutoConfiguration, org.springframework.boot.test.autoconfigure.web.servlet.MockMvcWebDriverAutoConfiguration, org.springframework.boot.autoconfigure.security.oauth2.client.servlet.OAuth2ClientAutoConfiguration, org.springframework.boot.autoconfigure.security.oauth2.resource.servlet.OAuth2ResourceServerAutoConfiguration, org.springframework.boot.autoconfigure.security.servlet.SecurityAutoConfiguration, org.springframework.boot.autoconfigure.security.servlet.SecurityFilterAutoConfiguration, org.springframework.boot.autoconfigure.security.servlet.UserDetailsServiceAutoConfiguration, org.springframework.boot.test.autoconfigure.web.servlet.MockMvcSecurityConfiguration, org.springframework.boot.test.autoconfigure.web.reactive.WebTestClientAutoConfiguration]], org.springframework.boot.test.context.filter.ExcludeFilterContextCustomizer@7e736350, org.springframework.boot.test.json.DuplicateJsonObjectContextCustomizerFactory$DuplicateJsonObjectContextCustomizer@162b3d47, org.springframework.boot.test.mock.mockito.MockitoContextCustomizer@e1c6d71f, org.springframework.boot.test.web.client.TestRestTemplateContextCustomizer@2cec704c, org.springframework.boot.test.context.SpringBootTestArgs@1, org.springframework.boot.test.context.SpringBootTestWebEnvironment@4678a2eb], resourceBasePath = 'src/main/webapp', contextLoader = 'org.springframework.boot.test.context.SpringBootContextLoader', parent = [null]], attributes = map['org.springframework.test.context.web.ServletTestExecutionListener.activateListener' -> true]], class annotated with @DirtiesContext [false] with mode [null].

  .   ____          _            __ _ _
 /\\ / ___'_ __ _ _(_)_ __  __ _ \ \ \ \
( ( )\___ | '_ | '_| | '_ \/ _` | \ \ \ \
 \\/  ___)| |_)| | | | | || (_| |  ) ) ) )
  '  |____| .__|_| |_|_| |_\__, | / / / /
 =========|_|==============|___/=/_/_/_/
 :: Spring Boot ::                (v2.7.5)

2026-06-03 11:43:23.088  INFO 109466 --- [    Test worker] com.example.demo.web.WebTests            : Starting WebTests using Java 17.0.19 on gabin2308-GL63-8RD with PID 109466 (started by gabin2308 in /home/gabin2308/Bureau/Qualité de developpement/tp2_qualit-_dev_ateba_gabin)
2026-06-03 11:43:23.090  INFO 109466 --- [    Test worker] com.example.demo.web.WebTests            : No active profile set, falling back to 1 default profile: "default"
2026-06-03 11:43:23.840  INFO 109466 --- [    Test worker] .s.d.r.c.RepositoryConfigurationDelegate : Bootstrapping Spring Data JPA repositories in DEFAULT mode.
2026-06-03 11:43:23.855  INFO 109466 --- [    Test worker] .s.d.r.c.RepositoryConfigurationDelegate : Finished Spring Data repository scanning in 6 ms. Found 0 JPA repository interfaces.
2026-06-03 11:43:25.027  INFO 109466 --- [    Test worker] com.zaxxer.hikari.HikariDataSource       : HikariPool-1 - Starting...
2026-06-03 11:43:25.434  INFO 109466 --- [    Test worker] com.zaxxer.hikari.HikariDataSource       : HikariPool-1 - Start completed.
2026-06-03 11:43:25.514  INFO 109466 --- [    Test worker] o.hibernate.jpa.internal.util.LogHelper  : HHH000204: Processing PersistenceUnitInfo [name: default]
2026-06-03 11:43:25.573  INFO 109466 --- [    Test worker] org.hibernate.Version                    : HHH000412: Hibernate ORM core version 5.6.12.Final
2026-06-03 11:43:25.625  INFO 109466 --- [    Test worker] o.hibernate.annotations.common.Version   : HCANN000001: Hibernate Commons Annotations {5.1.2.Final}
2026-06-03 11:43:25.755  INFO 109466 --- [    Test worker] org.hibernate.dialect.Dialect            : HHH000400: Using dialect: org.hibernate.dialect.H2Dialect
2026-06-03 11:43:25.972  INFO 109466 --- [    Test worker] o.h.e.t.j.p.i.JtaPlatformInitiator       : HHH000490: Using JtaPlatform implementation: [org.hibernate.engine.transaction.jta.platform.internal.NoJtaPlatform]
2026-06-03 11:43:25.982  INFO 109466 --- [    Test worker] j.LocalContainerEntityManagerFactoryBean : Initialized JPA EntityManagerFactory for persistence unit 'default'
2026-06-03 11:43:26.229  WARN 109466 --- [    Test worker] JpaBaseConfiguration$JpaWebConfiguration : spring.jpa.open-in-view is enabled by default. Therefore, database queries may be performed during view rendering. Explicitly configure spring.jpa.open-in-view to disable this warning
2026-06-03 11:43:26.802  INFO 109466 --- [    Test worker] o.s.b.t.m.w.SpringBootMockServletContext : Initializing Spring TestDispatcherServlet ''
2026-06-03 11:43:26.803  INFO 109466 --- [    Test worker] o.s.t.web.servlet.TestDispatcherServlet  : Initializing Servlet ''
2026-06-03 11:43:26.804  INFO 109466 --- [    Test worker] o.s.t.web.servlet.TestDispatcherServlet  : Completed initialization in 1 ms
2026-06-03 11:43:26.824  INFO 109466 --- [    Test worker] com.example.demo.web.WebTests            : Started WebTests in 4.09 seconds (JVM running for 5.819)

MockHttpServletRequest:
      HTTP Method = GET
      Request URI = /statistique
       Parameters = {}
          Headers = [Content-Type:"application/json;charset=UTF-8"]
             Body = null
    Session Attrs = {}

Handler:
             Type = com.example.demo.web.StatistiqueController
           Method = com.example.demo.web.StatistiqueController#getStatistiques()

Async:
    Async started = false
     Async result = null

Resolved Exception:
             Type = null

ModelAndView:
        View name = null
             View = null
            Model = null

FlashMap:
       Attributes = null

MockHttpServletResponse:
           Status = 200
    Error message = null
          Headers = [Content-Type:"application/json"]
     Content type = application/json
             Body = {"nombreDeVoitures":3,"prixMoyen":15000}
    Forwarded URL = null
   Redirected URL = null
          Cookies = []

MockHttpServletRequest:
      HTTP Method = POST
      Request URI = /voiture
       Parameters = {}
          Headers = [Content-Type:"application/json;charset=UTF-8", Content-Length:"32"]
             Body = {"marque":"Toyota","prix":10000}
    Session Attrs = {}

Handler:
             Type = com.example.demo.web.StatistiqueController
           Method = com.example.demo.web.StatistiqueController#creerVoiture(Voiture)

Async:
    Async started = false
     Async result = null

Resolved Exception:
             Type = null

ModelAndView:
        View name = null
             View = null
            Model = null

FlashMap:
       Attributes = null

MockHttpServletResponse:
           Status = 200
    Error message = null
          Headers = []
     Content type = null
             Body = 
    Forwarded URL = null
   Redirected URL = null
          Cookies = []
]]></system-out>
  <system-err><![CDATA[]]></system-err>
</testsuite>
