<?xml version="1.0" encoding="UTF-8"?>
<testsuite name="com.example.demo.data.VoitureTest" tests="2" skipped="0" failures="0" errors="0" timestamp="2026-06-03T09:43:27" hostname="gabin2308-GL63-8RD" time="0.013">
  <properties/>
  <testcase name="VerifierMarque()" classname="com.example.demo.data.VoitureTest" time="0.009"/>
  <testcase name="VerifierPrix()" classname="com.example.demo.data.VoitureTest" time="0.003"/>
  <system-out><![CDATA[2026-06-03 11:43:27.151  INFO 109466 --- [    Test worker] .b.t.c.SpringBootTestContextBootstrapper : Neither @ContextConfiguration nor @ContextHierarchy found for test class [com.example.demo.data.VoitureTest], using SpringBootContextLoader
2026-06-03 11:43:27.152  INFO 109466 --- [    Test worker] o.s.t.c.support.AbstractContextLoader    : Could not detect default resource locations for test class [com.example.demo.data.VoitureTest]: no resource found for suffixes {-context.xml, Context.groovy}.
2026-06-03 11:43:27.152  INFO 109466 --- [    Test worker] t.c.s.AnnotationConfigContextLoaderUtils : Could not detect default configuration classes for test class [com.example.demo.data.VoitureTest]: VoitureTest does not declare any static, non-private, non-final, nested classes annotated with @Configuration.
2026-06-03 11:43:27.156  INFO 109466 --- [    Test worker] .b.t.c.SpringBootTestContextBootstrapper : Found @SpringBootConfiguration com.example.demo.DemoApplication for test class com.example.demo.data.VoitureTest
2026-06-03 11:43:27.157  INFO 109466 --- [    Test worker] .b.t.c.SpringBootTestContextBootstrapper : Loaded default TestExecutionListener class names from location [META-INF/spring.factories]: [org.springframework.boot.test.autoconfigure.restdocs.RestDocsTestExecutionListener, org.springframework.boot.test.autoconfigure.web.client.MockRestServiceServerResetTestExecutionListener, org.springframework.boot.test.autoconfigure.web.servlet.MockMvcPrintOnlyOnFailureTestExecutionListener, org.springframework.boot.test.autoconfigure.web.servlet.WebDriverTestExecutionListener, org.springframework.boot.test.autoconfigure.webservices.client.MockWebServiceServerTestExecutionListener, org.springframework.boot.test.mock.mockito.MockitoTestExecutionListener, org.springframework.boot.test.mock.mockito.ResetMocksTestExecutionListener, org.springframework.test.context.web.ServletTestExecutionListener, org.springframework.test.context.support.DirtiesContextBeforeModesTestExecutionListener, org.springframework.test.context.event.ApplicationEventsTestExecutionListener, org.springframework.test.context.support.DependencyInjectionTestExecutionListener, org.springframework.test.context.support.DirtiesContextTestExecutionListener, org.springframework.test.context.transaction.TransactionalTestExecutionListener, org.springframework.test.context.jdbc.SqlScriptsTestExecutionListener, org.springframework.test.context.event.EventPublishingTestExecutionListener]
2026-06-03 11:43:27.157  INFO 109466 --- [    Test worker] .b.t.c.SpringBootTestContextBootstrapper : Using TestExecutionListeners: [org.springframework.test.context.web.ServletTestExecutionListener@6dd40b43, org.springframework.test.context.support.DirtiesContextBeforeModesTestExecutionListener@3baeb38d, org.springframework.test.context.event.ApplicationEventsTestExecutionListener@4085173e, org.springframework.boot.test.mock.mockito.MockitoTestExecutionListener@2937d3e, org.springframework.boot.test.autoconfigure.SpringBootDependencyInjectionTestExecutionListener@4fd0f03c, org.springframework.test.context.support.DirtiesContextTestExecutionListener@12c1090, org.springframework.test.context.transaction.TransactionalTestExecutionListener@69f8db6c, org.springframework.test.context.jdbc.SqlScriptsTestExecutionListener@709b21e0, org.springframework.test.context.event.EventPublishingTestExecutionListener@38026edf, org.springframework.boot.test.autoconfigure.restdocs.RestDocsTestExecutionListener@594b41df, org.springframework.boot.test.autoconfigure.web.client.MockRestServiceServerResetTestExecutionListener@76c7d221, org.springframework.boot.test.autoconfigure.web.servlet.MockMvcPrintOnlyOnFailureTestExecutionListener@5ffa7938, org.springframework.boot.test.autoconfigure.web.servlet.WebDriverTestExecutionListener@7425908e, org.springframework.boot.test.autoconfigure.webservices.client.MockWebServiceServerTestExecutionListener@7763726c, org.springframework.boot.test.mock.mockito.ResetMocksTestExecutionListener@3ffde07b]

  .   ____          _            __ _ _
 /\\ / ___'_ __ _ _(_)_ __  __ _ \ \ \ \
( ( )\___ | '_ | '_| | '_ \/ _` | \ \ \ \
 \\/  ___)| |_)| | | | | || (_| |  ) ) ) )
  '  |____| .__|_| |_|_| |_\__, | / / / /
 =========|_|==============|___/=/_/_/_/
 :: Spring Boot ::                (v2.7.5)

2026-06-03 11:43:27.183  INFO 109466 --- [    Test worker] com.example.demo.data.VoitureTest        : Starting VoitureTest using Java 17.0.19 on gabin2308-GL63-8RD with PID 109466 (started by gabin2308 in /home/gabin2308/Bureau/Qualité de developpement/tp2_qualit-_dev_ateba_gabin)
2026-06-03 11:43:27.183  INFO 109466 --- [    Test worker] com.example.demo.data.VoitureTest        : No active profile set, falling back to 1 default profile: "default"
2026-06-03 11:43:27.337  INFO 109466 --- [    Test worker] .s.d.r.c.RepositoryConfigurationDelegate : Bootstrapping Spring Data JPA repositories in DEFAULT mode.
2026-06-03 11:43:27.340  INFO 109466 --- [    Test worker] .s.d.r.c.RepositoryConfigurationDelegate : Finished Spring Data repository scanning in 2 ms. Found 0 JPA repository interfaces.
2026-06-03 11:43:27.447  INFO 109466 --- [    Test worker] com.zaxxer.hikari.HikariDataSource       : HikariPool-2 - Starting...
2026-06-03 11:43:27.448  INFO 109466 --- [    Test worker] com.zaxxer.hikari.HikariDataSource       : HikariPool-2 - Start completed.
2026-06-03 11:43:27.455  INFO 109466 --- [    Test worker] o.hibernate.jpa.internal.util.LogHelper  : HHH000204: Processing PersistenceUnitInfo [name: default]
2026-06-03 11:43:27.458  INFO 109466 --- [    Test worker] org.hibernate.dialect.Dialect            : HHH000400: Using dialect: org.hibernate.dialect.H2Dialect
2026-06-03 11:43:27.462  INFO 109466 --- [    Test worker] o.h.e.t.j.p.i.JtaPlatformInitiator       : HHH000490: Using JtaPlatform implementation: [org.hibernate.engine.transaction.jta.platform.internal.NoJtaPlatform]
2026-06-03 11:43:27.463  INFO 109466 --- [    Test worker] j.LocalContainerEntityManagerFactoryBean : Initialized JPA EntityManagerFactory for persistence unit 'default'
2026-06-03 11:43:27.544  WARN 109466 --- [    Test worker] JpaBaseConfiguration$JpaWebConfiguration : spring.jpa.open-in-view is enabled by default. Therefore, database queries may be performed during view rendering. Explicitly configure spring.jpa.open-in-view to disable this warning
2026-06-03 11:43:27.841  INFO 109466 --- [    Test worker] com.example.demo.data.VoitureTest        : Started VoitureTest in 0.682 seconds (JVM running for 6.836)
]]></system-out>
  <system-err><![CDATA[]]></system-err>
</testsuite>
